<?xml version="1.0" encoding="UTF-8"?>
<!-- Generated by org.testng.reporters.JUnitReportReporter -->
<testsuite hostname="Dibyansh_Verma" failures="0" tests="1" name="Inheritence.ChildClass" time="0.015" errors="0" timestamp="2024-05-02T21:19:49 IST" skipped="0">
  <testcase classname="Inheritence.ChildClass" name="runtest" time="0.015"/>
  <system-out/>
</testsuite> <!-- Inheritence.ChildClass -->
