<?xml version="1.0" encoding="UTF-8"?>
<!-- Generated by org.testng.reporters.JUnitReportReporter -->
<testsuite hostname="Dibyansh_Verma" failures="0" tests="1" name="Inheritence.ChildClass" time="0.023" errors="0" timestamp="2024-06-17T16:04:09 IST" skipped="0">
  <testcase classname="Inheritence.ChildClass" name="runtest" time="0.023"/>
  <system-out/>
</testsuite> <!-- Inheritence.ChildClass -->
